TN:
SF:/home/gbenga/Desktop/bootcamp-24/PostIt-Gbenga/server/app.js
FN:11,(anonymous_1)
FN:19,(anonymous_2)
FNF:2
FNH:0
FNDA:0,(anonymous_1)
FNDA:0,(anonymous_2)
DA:1,1
DA:2,1
DA:3,1
DA:5,1
DA:7,1
DA:9,1
DA:11,1
DA:12,0
DA:17,1
DA:19,1
DA:20,0
DA:22,1
LF:12
LH:10
BRF:0
BRH:0
end_of_record
TN:
SF:/home/gbenga/Desktop/bootcamp-24/PostIt-Gbenga/server/route.js
FNF:0
FNH:0
DA:1,1
DA:2,1
DA:3,1
DA:4,1
DA:6,1
DA:8,1
DA:11,1
DA:13,1
DA:15,1
DA:17,1
DA:19,1
DA:23,1
DA:25,1
LF:13
LH:13
BRF:0
BRH:0
end_of_record
TN:
SF:/home/gbenga/Desktop/bootcamp-24/PostIt-Gbenga/server/controllers/groupController.js
FN:5,create
FN:13,(anonymous_1)
FN:27,(anonymous_2)
FN:5,addMembers
FN:40,(anonymous_4)
FN:43,(anonymous_5)
FN:5,createMessage
FN:56,(anonymous_7)
FN:59,(anonymous_8)
FN:5,getMessages
FN:68,(anonymous_10)
FN:71,(anonymous_11)
FNF:12
FNH:0
FNDA:0,create
FNDA:0,(anonymous_1)
FNDA:0,(anonymous_2)
FNDA:0,addMembers
FNDA:0,(anonymous_4)
FNDA:0,(anonymous_5)
FNDA:0,createMessage
FNDA:0,(anonymous_7)
FNDA:0,(anonymous_8)
FNDA:0,getMessages
FNDA:0,(anonymous_10)
FNDA:0,(anonymous_11)
DA:1,1
DA:2,1
DA:3,1
DA:5,1
DA:7,0
DA:14,0
DA:19,0
DA:25,0
DA:28,0
DA:32,0
DA:36,0
DA:41,0
DA:44,0
DA:50,0
DA:57,0
DA:60,0
DA:64,0
DA:69,0
DA:72,0
LF:19
LH:4
BRF:0
BRH:0
end_of_record
TN:
SF:/home/gbenga/Desktop/bootcamp-24/PostIt-Gbenga/server/controllers/userController.js
FN:7,validateInput
FN:18,signUp
FN:27,(anonymous_3)
FN:41,(anonymous_4)
FN:18,signIn
FN:69,(anonymous_6)
FN:73,(anonymous_7)
FN:95,(anonymous_8)
FNF:8
FNH:3
FNDA:6,validateInput
FNDA:5,signUp
FNDA:0,(anonymous_3)
FNDA:4,(anonymous_4)
FNDA:0,signIn
FNDA:0,(anonymous_6)
FNDA:0,(anonymous_7)
FNDA:0,(anonymous_8)
DA:1,1
DA:2,1
DA:3,1
DA:5,1
DA:7,1
DA:8,6
DA:9,2
DA:10,4
DA:11,0
DA:12,4
DA:13,0
DA:15,4
DA:18,1
DA:21,5
DA:22,4
DA:28,0
DA:33,0
DA:39,0
DA:42,4
DA:43,4
DA:44,0
DA:45,4
DA:46,0
DA:48,4
DA:50,4
DA:54,4
DA:57,1
DA:61,1
DA:66,0
DA:70,0
DA:71,0
DA:73,0
DA:74,0
DA:75,0
DA:79,0
DA:84,0
DA:86,0
DA:90,0
DA:96,0
LF:39
LH:21
BRDA:8,0,0,2
BRDA:8,0,1,4
BRDA:10,1,0,0
BRDA:10,1,1,4
BRDA:12,2,0,0
BRDA:12,2,1,4
BRDA:21,3,0,4
BRDA:21,3,1,1
BRDA:43,4,0,0
BRDA:43,4,1,4
BRDA:45,5,0,0
BRDA:45,5,1,4
BRDA:70,6,0,0
BRDA:70,6,1,0
BRDA:74,7,0,0
BRDA:74,7,1,0
BRF:16
BRH:8
end_of_record
TN:
SF:/home/gbenga/Desktop/bootcamp-24/PostIt-Gbenga/server/middleware/authenticate.js
FN:3,authenticate
FN:6,(anonymous_1)
FNF:2
FNH:0
FNDA:0,authenticate
FNDA:0,(anonymous_1)
DA:1,1
DA:3,1
DA:4,0
DA:5,0
DA:6,0
DA:7,0
DA:8,0
DA:10,0
DA:11,0
DA:15,0
DA:19,1
LF:11
LH:3
BRDA:4,0,0,0
BRDA:4,0,1,0
BRDA:4,0,2,0
BRDA:5,1,0,0
BRDA:5,1,1,0
BRDA:7,2,0,0
BRDA:7,2,1,0
BRF:7
BRH:0
end_of_record
TN:
SF:/home/gbenga/Desktop/bootcamp-24/PostIt-Gbenga/server/models/groupMembers.js
FN:1,GroupMembers
FN:19,associate
FNF:2
FNH:1
FNDA:1,GroupMembers
FNDA:0,associate
DA:1,1
DA:2,1
DA:24,1
LF:3
LH:3
BRF:0
BRH:0
end_of_record
TN:
SF:/home/gbenga/Desktop/bootcamp-24/PostIt-Gbenga/server/models/groups.js
FN:1,Group
FN:23,associate
FN:27,beforeCreate
FN:31,(anonymous_3)
FN:34,(anonymous_4)
FNF:5
FNH:1
FNDA:1,Group
FNDA:0,associate
FNDA:0,beforeCreate
FNDA:0,(anonymous_3)
FNDA:0,(anonymous_4)
DA:1,1
DA:2,1
DA:24,0
DA:28,0
DA:32,0
DA:41,1
LF:6
LH:3
BRF:0
BRH:0
end_of_record
TN:
SF:/home/gbenga/Desktop/bootcamp-24/PostIt-Gbenga/server/models/index.js
FN:23,(anonymous_1)
FN:27,(anonymous_2)
FN:32,(anonymous_3)
FNF:3
FNH:3
FNDA:6,(anonymous_1)
FNDA:5,(anonymous_2)
FNDA:5,(anonymous_3)
DA:1,1
DA:2,1
DA:3,1
DA:4,1
DA:6,1
DA:7,1
DA:8,1
DA:10,1
DA:12,1
DA:13,1
DA:14,0
DA:16,1
DA:21,1
DA:23,6
DA:28,5
DA:29,5
DA:32,1
DA:33,5
DA:34,0
DA:38,1
DA:39,1
DA:41,1
LF:22
LH:20
BRDA:7,0,0,1
BRDA:7,0,1,1
BRDA:13,1,0,0
BRDA:13,1,1,1
BRDA:24,2,0,6
BRDA:24,2,1,6
BRDA:24,2,2,5
BRDA:33,3,0,0
BRDA:33,3,1,5
BRF:9
BRH:7
end_of_record
TN:
SF:/home/gbenga/Desktop/bootcamp-24/PostIt-Gbenga/server/models/messages.js
FN:1,(anonymous_0)
FN:18,associate
FNF:2
FNH:1
FNDA:1,(anonymous_0)
FNDA:0,associate
DA:1,1
DA:2,1
DA:20,0
DA:24,1
LF:4
LH:3
BRF:0
BRH:0
end_of_record
TN:
SF:/home/gbenga/Desktop/bootcamp-24/PostIt-Gbenga/server/models/users.js
FN:3,(anonymous_1)
FN:30,associate
FN:35,beforeCreate
FNF:3
FNH:1
FNDA:1,(anonymous_1)
FNDA:0,associate
FNDA:0,beforeCreate
DA:1,1
DA:3,1
DA:4,1
DA:31,0
DA:36,0
DA:37,0
DA:38,0
DA:42,1
LF:8
LH:4
BRF:0
BRH:0
end_of_record
TN:
SF:/home/gbenga/Desktop/bootcamp-24/PostIt-Gbenga/server/models/viewedMessages.js
FN:1,(anonymous_0)
FN:11,associate
FNF:2
FNH:1
FNDA:1,(anonymous_0)
FNDA:0,associate
DA:1,1
DA:2,1
DA:16,1
LF:3
LH:3
BRF:0
BRH:0
end_of_record
